<?xml version="1.0" encoding="UTF-8"?>
<!-- Generated by org.testng.reporters.JUnitReportReporter -->
<testsuite skipped="0" hostname="waquars-air" name="com.basic.NewTestsum" tests="1" failures="0" timestamp="24 Feb 2020 04:45:29 GMT" time="0.016" errors="0">
  <testcase name="f" time="0.016" classname="com.basic.NewTestsum"/>
</testsuite> <!-- com.basic.NewTestsum -->
