<?xml version="1.0" encoding="UTF-8"?>
<!-- Generated by org.testng.reporters.JUnitReportReporter -->
<testsuite skipped="0" hostname="waquars-air" name="com.basic.Running_Methods" tests="2" failures="0" timestamp="07 Jan 2020 05:48:49 GMT" time="0.012" errors="0">
  <testcase name="f" time="0.008" classname="com.basic.Running_Methods"/>
  <testcase name="waq" time="0.004" classname="com.basic.Running_Methods"/>
</testsuite> <!-- com.basic.Running_Methods -->
