<?xml version="1.0" encoding="UTF-8"?>
<!-- Generated by org.testng.reporters.JUnitReportReporter -->
<testsuite skipped="0" hostname="waquars-air" name="checkingOrder.order" tests="3" failures="0" timestamp="17 Mar 2020 05:19:02 GMT" time="0.023" errors="0">
  <testcase name="tearDown" time="0.017" classname="checkingOrder.order"/>
  <testcase name="login" time="0.002" classname="checkingOrder.order"/>
  <testcase name="setUp" time="0.004" classname="checkingOrder.order"/>
</testsuite> <!-- checkingOrder.order -->
