<?xml version="1.0" encoding="UTF-8"?>
<!-- Generated by org.testng.reporters.JUnitReportReporter -->
<testsuite skipped="0" hostname="waquars-air" name="checkingOrder.secondorder" tests="3" failures="0" timestamp="17 Mar 2020 05:19:03 GMT" time="0.009" errors="0">
  <testcase name="newsetUp" time="0.002" classname="checkingOrder.secondorder"/>
  <testcase name="newlogin" time="0.005" classname="checkingOrder.secondorder"/>
  <testcase name="newtearDown" time="0.002" classname="checkingOrder.secondorder"/>
</testsuite> <!-- checkingOrder.secondorder -->
