<?xml version="1.0" encoding="UTF-8"?>
<!-- Generated by org.testng.reporters.JUnitReportReporter -->
<testsuite skipped="0" hostname="192.168.1.7" name="Datadriven.ReadDataprovider" tests="4" failures="0" timestamp="10 May 2020 19:22:13 GMT" time="0.026" errors="0">
  <testcase name="login" time="0.003" classname="Datadriven.ReadDataprovider"/>
  <testcase name="login" time="0.018" classname="Datadriven.ReadDataprovider"/>
  <testcase name="login" time="0.002" classname="Datadriven.ReadDataprovider"/>
  <testcase name="login" time="0.003" classname="Datadriven.ReadDataprovider"/>
</testsuite> <!-- Datadriven.ReadDataprovider -->
