<?xml version="1.0" encoding="UTF-8"?>
<!-- Generated by org.testng.reporters.JUnitReportReporter -->
<testsuite skipped="0" hostname="waquars-air" name="checkingOrder.ordercheck" tests="3" failures="0" timestamp="17 Mar 2020 04:34:33 GMT" time="0.036" errors="0">
  <testcase name="tearDown" time="0.004" classname="checkingOrder.ordercheck"/>
  <testcase name="login" time="0.025" classname="checkingOrder.ordercheck"/>
  <testcase name="setUp" time="0.007" classname="checkingOrder.ordercheck"/>
</testsuite> <!-- checkingOrder.ordercheck -->
