<?xml version="1.0" encoding="UTF-8"?>
<!-- Generated by org.testng.reporters.JUnitReportReporter -->
<testsuite skipped="0" hostname="waquars-air" name="com.basic.ChecksoftAssert" tests="1" failures="0" timestamp="24 Feb 2020 04:47:29 GMT" time="0.015" errors="0">
  <testcase name="sum" time="0.015" classname="com.basic.ChecksoftAssert"/>
</testsuite> <!-- com.basic.ChecksoftAssert -->
